<?xml version="1.0" encoding="UTF-8"?>
<testng-results skipped="0" failed="0" ignored="0" total="1" passed="1">
  <reporter-output>
  </reporter-output>
  <suite name="mavenProject.GoogleTest" duration-ms="7765" started-at="2019-03-07T10:14:25Z" finished-at="2019-03-07T10:14:32Z">
    <groups>
    </groups>
    <test name="Command line test" duration-ms="7765" started-at="2019-03-07T10:14:25Z" finished-at="2019-03-07T10:14:32Z">
      <class name="mavenProject.GoogleTest">
        <test-method status="PASS" signature="beforeTest()[pri:0, instance:mavenProject.GoogleTest@36d64342]" name="beforeTest" is-config="true" duration-ms="5297" started-at="2019-03-07T15:44:25Z" finished-at="2019-03-07T15:44:30Z">
          <reporter-output>
          </reporter-output>
        </test-method> <!-- beforeTest -->
        <test-method status="PASS" signature="f()[pri:0, instance:mavenProject.GoogleTest@36d64342]" name="f" duration-ms="12" started-at="2019-03-07T15:44:30Z" finished-at="2019-03-07T15:44:30Z">
          <reporter-output>
          </reporter-output>
        </test-method> <!-- f -->
        <test-method status="PASS" signature="afterTest()[pri:0, instance:mavenProject.GoogleTest@36d64342]" name="afterTest" is-config="true" duration-ms="2431" started-at="2019-03-07T15:44:30Z" finished-at="2019-03-07T15:44:32Z">
          <reporter-output>
          </reporter-output>
        </test-method> <!-- afterTest -->
      </class> <!-- mavenProject.GoogleTest -->
    </test> <!-- Command line test -->
  </suite> <!-- mavenProject.GoogleTest -->
</testng-results>
